33964> 2018-06-19 14:56:29> Program: Starting Squirrel Updater: --createShortcut Discord.exe --setupIcon C:\Users\Administrator\AppData\Local\Discord\app.ico
33964> 2018-06-19 14:56:29> ApplyReleasesImpl: About to create shortcuts for Discord.exe, rootAppDir C:\Users\Administrator\AppData\Local\Discord
33964> 2018-06-19 14:56:29> ApplyReleasesImpl: Creating shortcut for Discord.exe => C:\Users\Administrator\AppData\Roaming\Microsoft\Windows\Start Menu\Programs\Discord Inc.\Discord.lnk
33964> 2018-06-19 14:56:29> ApplyReleasesImpl: About to save shortcut: C:\Users\Administrator\AppData\Roaming\Microsoft\Windows\Start Menu\Programs\Discord Inc.\Discord.lnk (target C:\Users\Administrator\AppData\Local\Discord\Update.exe, workingDir C:\Users\Administrator\AppData\Local\Discord\app-0.0.301, args --processStart Discord.exe)
33964> 2018-06-19 14:56:29> ApplyReleasesImpl: Creating shortcut for Discord.exe => C:\Users\Administrator\Desktop\Discord.lnk
33964> 2018-06-19 14:56:29> ApplyReleasesImpl: About to save shortcut: C:\Users\Administrator\Desktop\Discord.lnk (target C:\Users\Administrator\AppData\Local\Discord\Update.exe, workingDir C:\Users\Administrator\AppData\Local\Discord\app-0.0.301, args --processStart Discord.exe)
33964> 2018-06-19 14:56:29> ApplyReleasesImpl: fixPinnedExecutables: newCurrentFolder: app-0.0.301
33964> 2018-06-19 14:56:30> ApplyReleasesImpl: File 'C:\Users\Administrator\AppData\Roaming\Microsoft\Windows\Start Menu\Programs\Accessibility\Narrator.lnk' could not be converted into a valid ShellLink: System.IO.FileNotFoundException: The system cannot find the file specified. (Exception from HRESULT: 0x80070002)
   at Squirrel.Shell.ShellLink.IShellLinkW.Resolve(IntPtr hWnd, UInt32 fFlags)
   at Squirrel.Shell.ShellLink.Open(String linkFile, IntPtr hWnd, EShellLinkResolveFlags resolveFlags, UInt16 timeOut)
   at Squirrel.UpdateManager.ApplyReleasesImpl.<fixPinnedExecutables>b__11_0(FileInfo file)
33964> 2018-06-19 14:56:30> ApplyReleasesImpl: File 'C:\Users\Administrator\AppData\Roaming\Microsoft\Windows\Start Menu\Programs\Accessibility\On-Screen Keyboard.lnk' could not be converted into a valid ShellLink: System.IO.FileNotFoundException: The system cannot find the file specified. (Exception from HRESULT: 0x80070002)
   at Squirrel.Shell.ShellLink.IShellLinkW.Resolve(IntPtr hWnd, UInt32 fFlags)
   at Squirrel.Shell.ShellLink.Open(String linkFile, IntPtr hWnd, EShellLinkResolveFlags resolveFlags, UInt16 timeOut)
   at Squirrel.UpdateManager.ApplyReleasesImpl.<fixPinnedExecutables>b__11_0(FileInfo file)
33964> 2018-06-19 14:56:30> ApplyReleasesImpl: Updating shortcut C:\Users\Administrator\AppData\Roaming\Microsoft\Windows\Start Menu\Programs\Discord Inc\Discord.lnk
33964> 2018-06-19 14:56:30> ApplyReleasesImpl: Updating shortcut C:\Users\Administrator\Desktop\Discord.lnk
28388> 2018-06-19 14:56:36> Program: Starting Squirrel Updater: --check https://discordapp.com/api/updates/stable
28388> 2018-06-19 14:56:36> Program: Fetching update information, downloading from https://discordapp.com/api/updates/stable
28388> 2018-06-19 14:56:36> SingleGlobalInstance: Grabbing lockfile with timeout of 00:00:10
28388> 2018-06-19 14:56:36> CheckForUpdateImpl: Downloading RELEASES file from https://discordapp.com/api/updates/stable
28388> 2018-06-19 14:56:36> FileDownloader: Downloading url: https://discordapp.com/api/updates/stable/RELEASES?id=Discord&localVersion=0.0.301&arch=amd64
28388> 2018-06-19 14:56:36> CheckForUpdateImpl: No updates
86104> 2018-06-19 14:56:44> Program: Starting Squirrel Updater: --check https://discordapp.com/api/updates/stable
86104> 2018-06-19 14:56:44> Program: Fetching update information, downloading from https://discordapp.com/api/updates/stable
86104> 2018-06-19 14:56:44> SingleGlobalInstance: Grabbing lockfile with timeout of 00:00:10
86104> 2018-06-19 14:56:44> CheckForUpdateImpl: Downloading RELEASES file from https://discordapp.com/api/updates/stable
86104> 2018-06-19 14:56:44> FileDownloader: Downloading url: https://discordapp.com/api/updates/stable/RELEASES?id=Discord&localVersion=0.0.301&arch=amd64
86104> 2018-06-19 14:56:44> CheckForUpdateImpl: No updates
12848> 2018-06-19 15:56:54> Program: Starting Squirrel Updater: --check https://discordapp.com/api/updates/stable
12848> 2018-06-19 15:56:54> Program: Fetching update information, downloading from https://discordapp.com/api/updates/stable
12848> 2018-06-19 15:56:54> SingleGlobalInstance: Grabbing lockfile with timeout of 00:00:10
12848> 2018-06-19 15:56:54> CheckForUpdateImpl: Downloading RELEASES file from https://discordapp.com/api/updates/stable
12848> 2018-06-19 15:56:54> FileDownloader: Downloading url: https://discordapp.com/api/updates/stable/RELEASES?id=Discord&localVersion=0.0.301&arch=amd64
12848> 2018-06-19 15:56:54> CheckForUpdateImpl: No updates
39024> 2018-06-19 16:56:54> Program: Starting Squirrel Updater: --check https://discordapp.com/api/updates/stable
39024> 2018-06-19 16:56:54> Program: Fetching update information, downloading from https://discordapp.com/api/updates/stable
39024> 2018-06-19 16:56:54> SingleGlobalInstance: Grabbing lockfile with timeout of 00:00:10
39024> 2018-06-19 16:56:54> CheckForUpdateImpl: Downloading RELEASES file from https://discordapp.com/api/updates/stable
39024> 2018-06-19 16:56:54> FileDownloader: Downloading url: https://discordapp.com/api/updates/stable/RELEASES?id=Discord&localVersion=0.0.301&arch=amd64
39024> 2018-06-19 16:56:54> CheckForUpdateImpl: No updates
78240> 2018-06-20 08:51:09> Program: Starting Squirrel Updater: --check https://discordapp.com/api/updates/stable
78240> 2018-06-20 08:51:09> Program: Fetching update information, downloading from https://discordapp.com/api/updates/stable
78240> 2018-06-20 08:51:09> SingleGlobalInstance: Grabbing lockfile with timeout of 00:00:10
78240> 2018-06-20 08:51:09> CheckForUpdateImpl: Downloading RELEASES file from https://discordapp.com/api/updates/stable
78240> 2018-06-20 08:51:09> FileDownloader: Downloading url: https://discordapp.com/api/updates/stable/RELEASES?id=Discord&localVersion=0.0.301&arch=amd64
78240> 2018-06-20 08:51:09> CheckForUpdateImpl: No updates
24516> 2018-06-20 09:51:21> Program: Starting Squirrel Updater: --check https://discordapp.com/api/updates/stable
24516> 2018-06-20 09:51:21> Program: Fetching update information, downloading from https://discordapp.com/api/updates/stable
24516> 2018-06-20 09:51:21> SingleGlobalInstance: Grabbing lockfile with timeout of 00:00:10
24516> 2018-06-20 09:51:22> CheckForUpdateImpl: Downloading RELEASES file from https://discordapp.com/api/updates/stable
24516> 2018-06-20 09:51:22> FileDownloader: Downloading url: https://discordapp.com/api/updates/stable/RELEASES?id=Discord&localVersion=0.0.301&arch=amd64
24516> 2018-06-20 09:51:22> CheckForUpdateImpl: No updates
22612> 2018-06-20 10:51:21> Program: Starting Squirrel Updater: --check https://discordapp.com/api/updates/stable
22612> 2018-06-20 10:51:21> Program: Fetching update information, downloading from https://discordapp.com/api/updates/stable
22612> 2018-06-20 10:51:21> SingleGlobalInstance: Grabbing lockfile with timeout of 00:00:10
22612> 2018-06-20 10:51:21> CheckForUpdateImpl: Downloading RELEASES file from https://discordapp.com/api/updates/stable
22612> 2018-06-20 10:51:21> FileDownloader: Downloading url: https://discordapp.com/api/updates/stable/RELEASES?id=Discord&localVersion=0.0.301&arch=amd64
22612> 2018-06-20 10:51:22> CheckForUpdateImpl: No updates
7636> 2018-06-20 11:51:21> Program: Starting Squirrel Updater: --check https://discordapp.com/api/updates/stable
7636> 2018-06-20 11:51:21> Program: Fetching update information, downloading from https://discordapp.com/api/updates/stable
7636> 2018-06-20 11:51:21> SingleGlobalInstance: Grabbing lockfile with timeout of 00:00:10
7636> 2018-06-20 11:51:21> CheckForUpdateImpl: Downloading RELEASES file from https://discordapp.com/api/updates/stable
7636> 2018-06-20 11:51:21> FileDownloader: Downloading url: https://discordapp.com/api/updates/stable/RELEASES?id=Discord&localVersion=0.0.301&arch=amd64
7636> 2018-06-20 11:51:22> CheckForUpdateImpl: No updates
24080> 2018-06-20 12:51:21> Program: Starting Squirrel Updater: --check https://discordapp.com/api/updates/stable
24080> 2018-06-20 12:51:21> Program: Fetching update information, downloading from https://discordapp.com/api/updates/stable
24080> 2018-06-20 12:51:21> SingleGlobalInstance: Grabbing lockfile with timeout of 00:00:10
24080> 2018-06-20 12:51:21> CheckForUpdateImpl: Downloading RELEASES file from https://discordapp.com/api/updates/stable
24080> 2018-06-20 12:51:21> FileDownloader: Downloading url: https://discordapp.com/api/updates/stable/RELEASES?id=Discord&localVersion=0.0.301&arch=amd64
24080> 2018-06-20 12:51:22> CheckForUpdateImpl: No updates
71100> 2018-06-20 13:51:21> Program: Starting Squirrel Updater: --check https://discordapp.com/api/updates/stable
71100> 2018-06-20 13:51:21> Program: Fetching update information, downloading from https://discordapp.com/api/updates/stable
71100> 2018-06-20 13:51:21> SingleGlobalInstance: Grabbing lockfile with timeout of 00:00:10
71100> 2018-06-20 13:51:21> CheckForUpdateImpl: Downloading RELEASES file from https://discordapp.com/api/updates/stable
71100> 2018-06-20 13:51:21> FileDownloader: Downloading url: https://discordapp.com/api/updates/stable/RELEASES?id=Discord&localVersion=0.0.301&arch=amd64
71100> 2018-06-20 13:51:22> CheckForUpdateImpl: No updates
88520> 2018-06-20 14:51:21> Program: Starting Squirrel Updater: --check https://discordapp.com/api/updates/stable
88520> 2018-06-20 14:51:21> Program: Fetching update information, downloading from https://discordapp.com/api/updates/stable
88520> 2018-06-20 14:51:21> SingleGlobalInstance: Grabbing lockfile with timeout of 00:00:10
88520> 2018-06-20 14:51:21> CheckForUpdateImpl: Downloading RELEASES file from https://discordapp.com/api/updates/stable
88520> 2018-06-20 14:51:21> FileDownloader: Downloading url: https://discordapp.com/api/updates/stable/RELEASES?id=Discord&localVersion=0.0.301&arch=amd64
88520> 2018-06-20 14:51:22> CheckForUpdateImpl: No updates
63392> 2018-06-20 15:51:21> Program: Starting Squirrel Updater: --check https://discordapp.com/api/updates/stable
63392> 2018-06-20 15:51:21> Program: Fetching update information, downloading from https://discordapp.com/api/updates/stable
63392> 2018-06-20 15:51:21> SingleGlobalInstance: Grabbing lockfile with timeout of 00:00:10
63392> 2018-06-20 15:51:21> CheckForUpdateImpl: Downloading RELEASES file from https://discordapp.com/api/updates/stable
63392> 2018-06-20 15:51:21> FileDownloader: Downloading url: https://discordapp.com/api/updates/stable/RELEASES?id=Discord&localVersion=0.0.301&arch=amd64
63392> 2018-06-20 15:51:22> CheckForUpdateImpl: No updates
63944> 2018-06-20 16:51:21> Program: Starting Squirrel Updater: --check https://discordapp.com/api/updates/stable
63944> 2018-06-20 16:51:21> Program: Fetching update information, downloading from https://discordapp.com/api/updates/stable
63944> 2018-06-20 16:51:21> SingleGlobalInstance: Grabbing lockfile with timeout of 00:00:10
63944> 2018-06-20 16:51:21> CheckForUpdateImpl: Downloading RELEASES file from https://discordapp.com/api/updates/stable
63944> 2018-06-20 16:51:21> FileDownloader: Downloading url: https://discordapp.com/api/updates/stable/RELEASES?id=Discord&localVersion=0.0.301&arch=amd64
63944> 2018-06-20 16:51:22> CheckForUpdateImpl: No updates
61504> 2018-06-21 08:57:48> Program: Starting Squirrel Updater: --check https://discordapp.com/api/updates/stable
61504> 2018-06-21 08:57:48> Program: Fetching update information, downloading from https://discordapp.com/api/updates/stable
61504> 2018-06-21 08:57:48> SingleGlobalInstance: Grabbing lockfile with timeout of 00:00:10
61504> 2018-06-21 08:57:48> CheckForUpdateImpl: Downloading RELEASES file from https://discordapp.com/api/updates/stable
61504> 2018-06-21 08:57:48> FileDownloader: Downloading url: https://discordapp.com/api/updates/stable/RELEASES?id=Discord&localVersion=0.0.301&arch=amd64
61504> 2018-06-21 08:57:48> CheckForUpdateImpl: No updates
75400> 2018-06-21 09:57:58> Program: Starting Squirrel Updater: --check https://discordapp.com/api/updates/stable
75400> 2018-06-21 09:57:58> Program: Fetching update information, downloading from https://discordapp.com/api/updates/stable
75400> 2018-06-21 09:57:58> SingleGlobalInstance: Grabbing lockfile with timeout of 00:00:10
75400> 2018-06-21 09:57:58> CheckForUpdateImpl: Downloading RELEASES file from https://discordapp.com/api/updates/stable
75400> 2018-06-21 09:57:59> FileDownloader: Downloading url: https://discordapp.com/api/updates/stable/RELEASES?id=Discord&localVersion=0.0.301&arch=amd64
75400> 2018-06-21 09:57:59> CheckForUpdateImpl: No updates
15980> 2018-06-21 10:57:58> Program: Starting Squirrel Updater: --check https://discordapp.com/api/updates/stable
15980> 2018-06-21 10:57:58> Program: Fetching update information, downloading from https://discordapp.com/api/updates/stable
15980> 2018-06-21 10:57:58> SingleGlobalInstance: Grabbing lockfile with timeout of 00:00:10
15980> 2018-06-21 10:57:58> CheckForUpdateImpl: Downloading RELEASES file from https://discordapp.com/api/updates/stable
15980> 2018-06-21 10:57:58> FileDownloader: Downloading url: https://discordapp.com/api/updates/stable/RELEASES?id=Discord&localVersion=0.0.301&arch=amd64
15980> 2018-06-21 10:57:59> CheckForUpdateImpl: No updates
26848> 2018-06-21 11:57:58> Program: Starting Squirrel Updater: --check https://discordapp.com/api/updates/stable
26848> 2018-06-21 11:57:58> Program: Fetching update information, downloading from https://discordapp.com/api/updates/stable
26848> 2018-06-21 11:57:58> SingleGlobalInstance: Grabbing lockfile with timeout of 00:00:10
26848> 2018-06-21 11:57:58> CheckForUpdateImpl: Downloading RELEASES file from https://discordapp.com/api/updates/stable
26848> 2018-06-21 11:57:58> FileDownloader: Downloading url: https://discordapp.com/api/updates/stable/RELEASES?id=Discord&localVersion=0.0.301&arch=amd64
26848> 2018-06-21 11:57:59> CheckForUpdateImpl: No updates
14216> 2018-06-21 12:57:58> Program: Starting Squirrel Updater: --check https://discordapp.com/api/updates/stable
14216> 2018-06-21 12:57:58> Program: Fetching update information, downloading from https://discordapp.com/api/updates/stable
14216> 2018-06-21 12:57:58> SingleGlobalInstance: Grabbing lockfile with timeout of 00:00:10
14216> 2018-06-21 12:57:58> CheckForUpdateImpl: Downloading RELEASES file from https://discordapp.com/api/updates/stable
14216> 2018-06-21 12:57:59> FileDownloader: Downloading url: https://discordapp.com/api/updates/stable/RELEASES?id=Discord&localVersion=0.0.301&arch=amd64
14216> 2018-06-21 12:57:59> CheckForUpdateImpl: No updates
56308> 2018-06-21 13:57:58> Program: Starting Squirrel Updater: --check https://discordapp.com/api/updates/stable
56308> 2018-06-21 13:57:58> Program: Fetching update information, downloading from https://discordapp.com/api/updates/stable
56308> 2018-06-21 13:57:58> SingleGlobalInstance: Grabbing lockfile with timeout of 00:00:10
56308> 2018-06-21 13:57:58> CheckForUpdateImpl: Downloading RELEASES file from https://discordapp.com/api/updates/stable
56308> 2018-06-21 13:57:58> FileDownloader: Downloading url: https://discordapp.com/api/updates/stable/RELEASES?id=Discord&localVersion=0.0.301&arch=amd64
56308> 2018-06-21 13:57:58> CheckForUpdateImpl: No updates
82320> 2018-06-21 14:57:58> Program: Starting Squirrel Updater: --check https://discordapp.com/api/updates/stable
82320> 2018-06-21 14:57:58> Program: Fetching update information, downloading from https://discordapp.com/api/updates/stable
82320> 2018-06-21 14:57:58> SingleGlobalInstance: Grabbing lockfile with timeout of 00:00:10
82320> 2018-06-21 14:57:58> CheckForUpdateImpl: Downloading RELEASES file from https://discordapp.com/api/updates/stable
82320> 2018-06-21 14:57:58> FileDownloader: Downloading url: https://discordapp.com/api/updates/stable/RELEASES?id=Discord&localVersion=0.0.301&arch=amd64
82320> 2018-06-21 14:57:58> CheckForUpdateImpl: No updates
25708> 2018-06-21 15:57:58> Program: Starting Squirrel Updater: --check https://discordapp.com/api/updates/stable
25708> 2018-06-21 15:57:58> Program: Fetching update information, downloading from https://discordapp.com/api/updates/stable
25708> 2018-06-21 15:57:58> SingleGlobalInstance: Grabbing lockfile with timeout of 00:00:10
25708> 2018-06-21 15:57:58> CheckForUpdateImpl: Downloading RELEASES file from https://discordapp.com/api/updates/stable
25708> 2018-06-21 15:57:58> FileDownloader: Downloading url: https://discordapp.com/api/updates/stable/RELEASES?id=Discord&localVersion=0.0.301&arch=amd64
25708> 2018-06-21 15:57:58> CheckForUpdateImpl: No updates
29584> 2018-06-23 11:46:48> Program: Starting Squirrel Updater: --check https://discordapp.com/api/updates/stable
29584> 2018-06-23 11:46:48> Program: Fetching update information, downloading from https://discordapp.com/api/updates/stable
29584> 2018-06-23 11:46:48> SingleGlobalInstance: Grabbing lockfile with timeout of 00:00:10
29584> 2018-06-23 11:46:48> CheckForUpdateImpl: Downloading RELEASES file from https://discordapp.com/api/updates/stable
29584> 2018-06-23 11:46:48> FileDownloader: Downloading url: https://discordapp.com/api/updates/stable/RELEASES?id=Discord&localVersion=0.0.301&arch=amd64
29584> 2018-06-23 11:46:49> CheckForUpdateImpl: No updates
55280> 2018-06-23 12:47:01> Program: Starting Squirrel Updater: --check https://discordapp.com/api/updates/stable
55280> 2018-06-23 12:47:01> Program: Fetching update information, downloading from https://discordapp.com/api/updates/stable
55280> 2018-06-23 12:47:01> SingleGlobalInstance: Grabbing lockfile with timeout of 00:00:10
55280> 2018-06-23 12:47:01> CheckForUpdateImpl: Downloading RELEASES file from https://discordapp.com/api/updates/stable
55280> 2018-06-23 12:47:01> FileDownloader: Downloading url: https://discordapp.com/api/updates/stable/RELEASES?id=Discord&localVersion=0.0.301&arch=amd64
55280> 2018-06-23 12:47:01> CheckForUpdateImpl: No updates
85824> 2018-06-25 08:50:07> Program: Starting Squirrel Updater: --check https://discordapp.com/api/updates/stable
85824> 2018-06-25 08:50:07> Program: Fetching update information, downloading from https://discordapp.com/api/updates/stable
85824> 2018-06-25 08:50:07> SingleGlobalInstance: Grabbing lockfile with timeout of 00:00:10
85824> 2018-06-25 08:50:07> CheckForUpdateImpl: Downloading RELEASES file from https://discordapp.com/api/updates/stable
85824> 2018-06-25 08:50:07> FileDownloader: Downloading url: https://discordapp.com/api/updates/stable/RELEASES?id=Discord&localVersion=0.0.301&arch=amd64
85824> 2018-06-25 08:50:08> CheckForUpdateImpl: No updates
59840> 2018-06-25 09:50:23> Program: Starting Squirrel Updater: --check https://discordapp.com/api/updates/stable
59840> 2018-06-25 09:50:23> Program: Fetching update information, downloading from https://discordapp.com/api/updates/stable
59840> 2018-06-25 09:50:23> SingleGlobalInstance: Grabbing lockfile with timeout of 00:00:10
59840> 2018-06-25 09:50:23> CheckForUpdateImpl: Downloading RELEASES file from https://discordapp.com/api/updates/stable
59840> 2018-06-25 09:50:23> FileDownloader: Downloading url: https://discordapp.com/api/updates/stable/RELEASES?id=Discord&localVersion=0.0.301&arch=amd64
59840> 2018-06-25 09:50:23> CheckForUpdateImpl: No updates
68240> 2018-06-25 10:50:23> Program: Starting Squirrel Updater: --check https://discordapp.com/api/updates/stable
68240> 2018-06-25 10:50:23> Program: Fetching update information, downloading from https://discordapp.com/api/updates/stable
68240> 2018-06-25 10:50:23> SingleGlobalInstance: Grabbing lockfile with timeout of 00:00:10
68240> 2018-06-25 10:50:23> CheckForUpdateImpl: Downloading RELEASES file from https://discordapp.com/api/updates/stable
68240> 2018-06-25 10:50:23> FileDownloader: Downloading url: https://discordapp.com/api/updates/stable/RELEASES?id=Discord&localVersion=0.0.301&arch=amd64
68240> 2018-06-25 10:50:23> CheckForUpdateImpl: No updates
53436> 2018-06-25 11:50:25> Program: Starting Squirrel Updater: --check https://discordapp.com/api/updates/stable
53436> 2018-06-25 11:50:25> Program: Fetching update information, downloading from https://discordapp.com/api/updates/stable
53436> 2018-06-25 11:50:25> SingleGlobalInstance: Grabbing lockfile with timeout of 00:00:10
53436> 2018-06-25 11:50:25> CheckForUpdateImpl: Downloading RELEASES file from https://discordapp.com/api/updates/stable
53436> 2018-06-25 11:50:25> FileDownloader: Downloading url: https://discordapp.com/api/updates/stable/RELEASES?id=Discord&localVersion=0.0.301&arch=amd64
53436> 2018-06-25 11:50:25> CheckForUpdateImpl: No updates
52056> 2018-06-25 12:50:25> Program: Starting Squirrel Updater: --check https://discordapp.com/api/updates/stable
52056> 2018-06-25 12:50:25> Program: Fetching update information, downloading from https://discordapp.com/api/updates/stable
52056> 2018-06-25 12:50:25> SingleGlobalInstance: Grabbing lockfile with timeout of 00:00:10
52056> 2018-06-25 12:50:25> CheckForUpdateImpl: Downloading RELEASES file from https://discordapp.com/api/updates/stable
52056> 2018-06-25 12:50:25> FileDownloader: Downloading url: https://discordapp.com/api/updates/stable/RELEASES?id=Discord&localVersion=0.0.301&arch=amd64
52056> 2018-06-25 12:50:25> CheckForUpdateImpl: No updates
7712> 2018-06-25 13:50:24> Program: Starting Squirrel Updater: --check https://discordapp.com/api/updates/stable
7712> 2018-06-25 13:50:24> Program: Fetching update information, downloading from https://discordapp.com/api/updates/stable
7712> 2018-06-25 13:50:24> SingleGlobalInstance: Grabbing lockfile with timeout of 00:00:10
7712> 2018-06-25 13:50:24> CheckForUpdateImpl: Downloading RELEASES file from https://discordapp.com/api/updates/stable
7712> 2018-06-25 13:50:25> FileDownloader: Downloading url: https://discordapp.com/api/updates/stable/RELEASES?id=Discord&localVersion=0.0.301&arch=amd64
7712> 2018-06-25 13:50:25> CheckForUpdateImpl: No updates
14472> 2018-06-25 14:50:24> Program: Starting Squirrel Updater: --check https://discordapp.com/api/updates/stable
14472> 2018-06-25 14:50:24> Program: Fetching update information, downloading from https://discordapp.com/api/updates/stable
14472> 2018-06-25 14:50:24> SingleGlobalInstance: Grabbing lockfile with timeout of 00:00:10
14472> 2018-06-25 14:50:24> CheckForUpdateImpl: Downloading RELEASES file from https://discordapp.com/api/updates/stable
14472> 2018-06-25 14:50:25> FileDownloader: Downloading url: https://discordapp.com/api/updates/stable/RELEASES?id=Discord&localVersion=0.0.301&arch=amd64
14472> 2018-06-25 14:50:25> CheckForUpdateImpl: No updates
32476> 2018-06-25 15:50:24> Program: Starting Squirrel Updater: --check https://discordapp.com/api/updates/stable
32476> 2018-06-25 15:50:24> Program: Fetching update information, downloading from https://discordapp.com/api/updates/stable
32476> 2018-06-25 15:50:24> SingleGlobalInstance: Grabbing lockfile with timeout of 00:00:10
32476> 2018-06-25 15:50:24> CheckForUpdateImpl: Downloading RELEASES file from https://discordapp.com/api/updates/stable
32476> 2018-06-25 15:50:25> FileDownloader: Downloading url: https://discordapp.com/api/updates/stable/RELEASES?id=Discord&localVersion=0.0.301&arch=amd64
32476> 2018-06-25 15:50:25> CheckForUpdateImpl: No updates
20452> 2018-06-25 16:50:24> Program: Starting Squirrel Updater: --check https://discordapp.com/api/updates/stable
20452> 2018-06-25 16:50:24> Program: Fetching update information, downloading from https://discordapp.com/api/updates/stable
20452> 2018-06-25 16:50:24> SingleGlobalInstance: Grabbing lockfile with timeout of 00:00:10
20452> 2018-06-25 16:50:24> CheckForUpdateImpl: Downloading RELEASES file from https://discordapp.com/api/updates/stable
20452> 2018-06-25 16:50:25> FileDownloader: Downloading url: https://discordapp.com/api/updates/stable/RELEASES?id=Discord&localVersion=0.0.301&arch=amd64
20452> 2018-06-25 16:50:25> CheckForUpdateImpl: No updates
10000> 2018-06-27 08:53:26> Program: Starting Squirrel Updater: --check https://discordapp.com/api/updates/stable
10000> 2018-06-27 08:53:26> Program: Fetching update information, downloading from https://discordapp.com/api/updates/stable
10000> 2018-06-27 08:53:26> SingleGlobalInstance: Grabbing lockfile with timeout of 00:00:10
10000> 2018-06-27 08:53:26> CheckForUpdateImpl: Downloading RELEASES file from https://discordapp.com/api/updates/stable
10000> 2018-06-27 08:53:26> FileDownloader: Downloading url: https://discordapp.com/api/updates/stable/RELEASES?id=Discord&localVersion=0.0.301&arch=amd64
10000> 2018-06-27 08:53:26> CheckForUpdateImpl: No updates
39136> 2018-06-27 08:53:30> Program: Starting Squirrel Updater: --check https://discordapp.com/api/updates/stable
39136> 2018-06-27 08:53:30> Program: Fetching update information, downloading from https://discordapp.com/api/updates/stable
39136> 2018-06-27 08:53:30> SingleGlobalInstance: Grabbing lockfile with timeout of 00:00:10
39136> 2018-06-27 08:53:30> CheckForUpdateImpl: Downloading RELEASES file from https://discordapp.com/api/updates/stable
39136> 2018-06-27 08:53:30> FileDownloader: Downloading url: https://discordapp.com/api/updates/stable/RELEASES?id=Discord&localVersion=0.0.301&arch=amd64
39136> 2018-06-27 08:53:30> CheckForUpdateImpl: No updates
49792> 2018-06-27 09:53:38> Program: Starting Squirrel Updater: --check https://discordapp.com/api/updates/stable
49792> 2018-06-27 09:53:38> Program: Fetching update information, downloading from https://discordapp.com/api/updates/stable
49792> 2018-06-27 09:53:38> SingleGlobalInstance: Grabbing lockfile with timeout of 00:00:10
49792> 2018-06-27 09:53:39> CheckForUpdateImpl: Downloading RELEASES file from https://discordapp.com/api/updates/stable
49792> 2018-06-27 09:53:39> FileDownloader: Downloading url: https://discordapp.com/api/updates/stable/RELEASES?id=Discord&localVersion=0.0.301&arch=amd64
49792> 2018-06-27 09:53:39> CheckForUpdateImpl: No updates
61460> 2018-06-27 10:53:38> Program: Starting Squirrel Updater: --check https://discordapp.com/api/updates/stable
61460> 2018-06-27 10:53:38> Program: Fetching update information, downloading from https://discordapp.com/api/updates/stable
61460> 2018-06-27 10:53:38> SingleGlobalInstance: Grabbing lockfile with timeout of 00:00:10
61460> 2018-06-27 10:53:39> CheckForUpdateImpl: Downloading RELEASES file from https://discordapp.com/api/updates/stable
61460> 2018-06-27 10:53:39> FileDownloader: Downloading url: https://discordapp.com/api/updates/stable/RELEASES?id=Discord&localVersion=0.0.301&arch=amd64
61460> 2018-06-27 10:53:39> CheckForUpdateImpl: No updates
87104> 2018-06-27 11:53:38> Program: Starting Squirrel Updater: --check https://discordapp.com/api/updates/stable
87104> 2018-06-27 11:53:38> Program: Fetching update information, downloading from https://discordapp.com/api/updates/stable
87104> 2018-06-27 11:53:38> SingleGlobalInstance: Grabbing lockfile with timeout of 00:00:10
87104> 2018-06-27 11:53:39> CheckForUpdateImpl: Downloading RELEASES file from https://discordapp.com/api/updates/stable
87104> 2018-06-27 11:53:39> FileDownloader: Downloading url: https://discordapp.com/api/updates/stable/RELEASES?id=Discord&localVersion=0.0.301&arch=amd64
87104> 2018-06-27 11:53:39> CheckForUpdateImpl: No updates
68724> 2018-06-27 12:53:38> Program: Starting Squirrel Updater: --check https://discordapp.com/api/updates/stable
68724> 2018-06-27 12:53:38> Program: Fetching update information, downloading from https://discordapp.com/api/updates/stable
68724> 2018-06-27 12:53:38> SingleGlobalInstance: Grabbing lockfile with timeout of 00:00:10
68724> 2018-06-27 12:53:38> CheckForUpdateImpl: Downloading RELEASES file from https://discordapp.com/api/updates/stable
68724> 2018-06-27 12:53:39> FileDownloader: Downloading url: https://discordapp.com/api/updates/stable/RELEASES?id=Discord&localVersion=0.0.301&arch=amd64
68724> 2018-06-27 12:53:39> CheckForUpdateImpl: No updates
37276> 2018-06-27 13:53:38> Program: Starting Squirrel Updater: --check https://discordapp.com/api/updates/stable
37276> 2018-06-27 13:53:38> Program: Fetching update information, downloading from https://discordapp.com/api/updates/stable
37276> 2018-06-27 13:53:38> SingleGlobalInstance: Grabbing lockfile with timeout of 00:00:10
37276> 2018-06-27 13:53:38> CheckForUpdateImpl: Downloading RELEASES file from https://discordapp.com/api/updates/stable
37276> 2018-06-27 13:53:39> FileDownloader: Downloading url: https://discordapp.com/api/updates/stable/RELEASES?id=Discord&localVersion=0.0.301&arch=amd64
37276> 2018-06-27 13:53:39> CheckForUpdateImpl: No updates
81288> 2018-06-28 09:03:20> Program: Starting Squirrel Updater: --check https://discordapp.com/api/updates/stable
81288> 2018-06-28 09:03:20> Program: Fetching update information, downloading from https://discordapp.com/api/updates/stable
81288> 2018-06-28 09:03:20> SingleGlobalInstance: Grabbing lockfile with timeout of 00:00:10
81288> 2018-06-28 09:03:20> CheckForUpdateImpl: Downloading RELEASES file from https://discordapp.com/api/updates/stable
81288> 2018-06-28 09:03:20> FileDownloader: Downloading url: https://discordapp.com/api/updates/stable/RELEASES?id=Discord&localVersion=0.0.301&arch=amd64
81288> 2018-06-28 09:03:20> CheckForUpdateImpl: No updates
68228> 2018-06-28 10:03:30> Program: Starting Squirrel Updater: --check https://discordapp.com/api/updates/stable
68228> 2018-06-28 10:03:30> Program: Fetching update information, downloading from https://discordapp.com/api/updates/stable
68228> 2018-06-28 10:03:30> SingleGlobalInstance: Grabbing lockfile with timeout of 00:00:10
68228> 2018-06-28 10:03:30> CheckForUpdateImpl: Downloading RELEASES file from https://discordapp.com/api/updates/stable
68228> 2018-06-28 10:03:30> FileDownloader: Downloading url: https://discordapp.com/api/updates/stable/RELEASES?id=Discord&localVersion=0.0.301&arch=amd64
68228> 2018-06-28 10:03:30> CheckForUpdateImpl: No updates
34848> 2018-06-28 11:03:30> Program: Starting Squirrel Updater: --check https://discordapp.com/api/updates/stable
34848> 2018-06-28 11:03:30> Program: Fetching update information, downloading from https://discordapp.com/api/updates/stable
34848> 2018-06-28 11:03:30> SingleGlobalInstance: Grabbing lockfile with timeout of 00:00:10
34848> 2018-06-28 11:03:30> CheckForUpdateImpl: Downloading RELEASES file from https://discordapp.com/api/updates/stable
34848> 2018-06-28 11:03:30> FileDownloader: Downloading url: https://discordapp.com/api/updates/stable/RELEASES?id=Discord&localVersion=0.0.301&arch=amd64
34848> 2018-06-28 11:03:30> CheckForUpdateImpl: No updates
69056> 2018-06-28 12:03:30> Program: Starting Squirrel Updater: --check https://discordapp.com/api/updates/stable
69056> 2018-06-28 12:03:30> Program: Fetching update information, downloading from https://discordapp.com/api/updates/stable
69056> 2018-06-28 12:03:30> SingleGlobalInstance: Grabbing lockfile with timeout of 00:00:10
69056> 2018-06-28 12:03:30> CheckForUpdateImpl: Downloading RELEASES file from https://discordapp.com/api/updates/stable
69056> 2018-06-28 12:03:30> FileDownloader: Downloading url: https://discordapp.com/api/updates/stable/RELEASES?id=Discord&localVersion=0.0.301&arch=amd64
69056> 2018-06-28 12:03:30> CheckForUpdateImpl: No updates
25660> 2018-06-28 13:03:30> Program: Starting Squirrel Updater: --check https://discordapp.com/api/updates/stable
25660> 2018-06-28 13:03:30> Program: Fetching update information, downloading from https://discordapp.com/api/updates/stable
25660> 2018-06-28 13:03:30> SingleGlobalInstance: Grabbing lockfile with timeout of 00:00:10
25660> 2018-06-28 13:03:30> CheckForUpdateImpl: Downloading RELEASES file from https://discordapp.com/api/updates/stable
25660> 2018-06-28 13:03:30> FileDownloader: Downloading url: https://discordapp.com/api/updates/stable/RELEASES?id=Discord&localVersion=0.0.301&arch=amd64
25660> 2018-06-28 13:03:30> CheckForUpdateImpl: No updates
74516> 2018-06-28 14:03:30> Program: Starting Squirrel Updater: --check https://discordapp.com/api/updates/stable
74516> 2018-06-28 14:03:30> Program: Fetching update information, downloading from https://discordapp.com/api/updates/stable
74516> 2018-06-28 14:03:30> SingleGlobalInstance: Grabbing lockfile with timeout of 00:00:10
74516> 2018-06-28 14:03:30> CheckForUpdateImpl: Downloading RELEASES file from https://discordapp.com/api/updates/stable
74516> 2018-06-28 14:03:30> FileDownloader: Downloading url: https://discordapp.com/api/updates/stable/RELEASES?id=Discord&localVersion=0.0.301&arch=amd64
74516> 2018-06-28 14:03:30> CheckForUpdateImpl: No updates
36408> 2018-06-28 15:03:30> Program: Starting Squirrel Updater: --check https://discordapp.com/api/updates/stable
36408> 2018-06-28 15:03:30> Program: Fetching update information, downloading from https://discordapp.com/api/updates/stable
36408> 2018-06-28 15:03:30> SingleGlobalInstance: Grabbing lockfile with timeout of 00:00:10
36408> 2018-06-28 15:03:30> CheckForUpdateImpl: Downloading RELEASES file from https://discordapp.com/api/updates/stable
36408> 2018-06-28 15:03:30> FileDownloader: Downloading url: https://discordapp.com/api/updates/stable/RELEASES?id=Discord&localVersion=0.0.301&arch=amd64
36408> 2018-06-28 15:03:30> CheckForUpdateImpl: No updates
27952> 2018-06-28 16:03:30> Program: Starting Squirrel Updater: --check https://discordapp.com/api/updates/stable
27952> 2018-06-28 16:03:30> Program: Fetching update information, downloading from https://discordapp.com/api/updates/stable
27952> 2018-06-28 16:03:30> SingleGlobalInstance: Grabbing lockfile with timeout of 00:00:10
27952> 2018-06-28 16:03:30> CheckForUpdateImpl: Downloading RELEASES file from https://discordapp.com/api/updates/stable
27952> 2018-06-28 16:03:30> FileDownloader: Downloading url: https://discordapp.com/api/updates/stable/RELEASES?id=Discord&localVersion=0.0.301&arch=amd64
27952> 2018-06-28 16:03:30> CheckForUpdateImpl: No updates
12648> 2018-06-29 07:54:28> Program: Starting Squirrel Updater: --check https://discordapp.com/api/updates/stable
12648> 2018-06-29 07:54:28> Program: Fetching update information, downloading from https://discordapp.com/api/updates/stable
12648> 2018-06-29 07:54:28> SingleGlobalInstance: Grabbing lockfile with timeout of 00:00:10
12648> 2018-06-29 07:54:28> CheckForUpdateImpl: Downloading RELEASES file from https://discordapp.com/api/updates/stable
12648> 2018-06-29 07:54:28> FileDownloader: Downloading url: https://discordapp.com/api/updates/stable/RELEASES?id=Discord&localVersion=0.0.301&arch=amd64
12648> 2018-06-29 07:54:28> CheckForUpdateImpl: No updates
45028> 2018-06-29 08:54:36> Program: Starting Squirrel Updater: --check https://discordapp.com/api/updates/stable
45028> 2018-06-29 08:54:36> Program: Fetching update information, downloading from https://discordapp.com/api/updates/stable
45028> 2018-06-29 08:54:36> SingleGlobalInstance: Grabbing lockfile with timeout of 00:00:10
45028> 2018-06-29 08:54:36> CheckForUpdateImpl: Downloading RELEASES file from https://discordapp.com/api/updates/stable
45028> 2018-06-29 08:54:36> FileDownloader: Downloading url: https://discordapp.com/api/updates/stable/RELEASES?id=Discord&localVersion=0.0.301&arch=amd64
45028> 2018-06-29 08:54:36> CheckForUpdateImpl: No updates
58772> 2018-06-29 09:54:36> Program: Starting Squirrel Updater: --check https://discordapp.com/api/updates/stable
58772> 2018-06-29 09:54:36> Program: Fetching update information, downloading from https://discordapp.com/api/updates/stable
58772> 2018-06-29 09:54:36> SingleGlobalInstance: Grabbing lockfile with timeout of 00:00:10
58772> 2018-06-29 09:54:36> CheckForUpdateImpl: Downloading RELEASES file from https://discordapp.com/api/updates/stable
58772> 2018-06-29 09:54:36> FileDownloader: Downloading url: https://discordapp.com/api/updates/stable/RELEASES?id=Discord&localVersion=0.0.301&arch=amd64
58772> 2018-06-29 09:54:36> CheckForUpdateImpl: No updates
52164> 2018-06-29 10:54:36> Program: Starting Squirrel Updater: --check https://discordapp.com/api/updates/stable
52164> 2018-06-29 10:54:36> Program: Fetching update information, downloading from https://discordapp.com/api/updates/stable
52164> 2018-06-29 10:54:36> SingleGlobalInstance: Grabbing lockfile with timeout of 00:00:10
52164> 2018-06-29 10:54:36> CheckForUpdateImpl: Downloading RELEASES file from https://discordapp.com/api/updates/stable
52164> 2018-06-29 10:54:36> FileDownloader: Downloading url: https://discordapp.com/api/updates/stable/RELEASES?id=Discord&localVersion=0.0.301&arch=amd64
52164> 2018-06-29 10:54:36> CheckForUpdateImpl: No updates
21984> 2018-06-29 11:54:36> Program: Starting Squirrel Updater: --check https://discordapp.com/api/updates/stable
21984> 2018-06-29 11:54:36> Program: Fetching update information, downloading from https://discordapp.com/api/updates/stable
21984> 2018-06-29 11:54:36> SingleGlobalInstance: Grabbing lockfile with timeout of 00:00:10
21984> 2018-06-29 11:54:36> CheckForUpdateImpl: Downloading RELEASES file from https://discordapp.com/api/updates/stable
21984> 2018-06-29 11:54:36> FileDownloader: Downloading url: https://discordapp.com/api/updates/stable/RELEASES?id=Discord&localVersion=0.0.301&arch=amd64
21984> 2018-06-29 11:54:36> CheckForUpdateImpl: No updates
9420> 2018-06-29 12:54:36> Program: Starting Squirrel Updater: --check https://discordapp.com/api/updates/stable
9420> 2018-06-29 12:54:36> Program: Fetching update information, downloading from https://discordapp.com/api/updates/stable
9420> 2018-06-29 12:54:36> SingleGlobalInstance: Grabbing lockfile with timeout of 00:00:10
9420> 2018-06-29 12:54:36> CheckForUpdateImpl: Downloading RELEASES file from https://discordapp.com/api/updates/stable
9420> 2018-06-29 12:54:36> FileDownloader: Downloading url: https://discordapp.com/api/updates/stable/RELEASES?id=Discord&localVersion=0.0.301&arch=amd64
9420> 2018-06-29 12:54:36> CheckForUpdateImpl: No updates
82320> 2018-06-29 13:54:36> Program: Starting Squirrel Updater: --check https://discordapp.com/api/updates/stable
82320> 2018-06-29 13:54:36> Program: Fetching update information, downloading from https://discordapp.com/api/updates/stable
82320> 2018-06-29 13:54:36> SingleGlobalInstance: Grabbing lockfile with timeout of 00:00:10
82320> 2018-06-29 13:54:36> CheckForUpdateImpl: Downloading RELEASES file from https://discordapp.com/api/updates/stable
82320> 2018-06-29 13:54:36> FileDownloader: Downloading url: https://discordapp.com/api/updates/stable/RELEASES?id=Discord&localVersion=0.0.301&arch=amd64
82320> 2018-06-29 13:54:36> CheckForUpdateImpl: No updates
25916> 2018-06-29 14:54:36> Program: Starting Squirrel Updater: --check https://discordapp.com/api/updates/stable
25916> 2018-06-29 14:54:36> Program: Fetching update information, downloading from https://discordapp.com/api/updates/stable
25916> 2018-06-29 14:54:36> SingleGlobalInstance: Grabbing lockfile with timeout of 00:00:10
25916> 2018-06-29 14:54:36> CheckForUpdateImpl: Downloading RELEASES file from https://discordapp.com/api/updates/stable
25916> 2018-06-29 14:54:36> FileDownloader: Downloading url: https://discordapp.com/api/updates/stable/RELEASES?id=Discord&localVersion=0.0.301&arch=amd64
25916> 2018-06-29 14:54:36> CheckForUpdateImpl: No updates
40652> 2018-07-02 08:52:12> Program: Starting Squirrel Updater: --check https://discordapp.com/api/updates/stable
40652> 2018-07-02 08:52:12> Program: Fetching update information, downloading from https://discordapp.com/api/updates/stable
40652> 2018-07-02 08:52:12> SingleGlobalInstance: Grabbing lockfile with timeout of 00:00:10
40652> 2018-07-02 08:52:12> CheckForUpdateImpl: Downloading RELEASES file from https://discordapp.com/api/updates/stable
40652> 2018-07-02 08:52:12> FileDownloader: Downloading url: https://discordapp.com/api/updates/stable/RELEASES?id=Discord&localVersion=0.0.301&arch=amd64
40652> 2018-07-02 08:52:12> CheckForUpdateImpl: No updates
21088> 2018-07-02 08:52:17> Program: Starting Squirrel Updater: --check https://discordapp.com/api/updates/stable
21088> 2018-07-02 08:52:17> Program: Fetching update information, downloading from https://discordapp.com/api/updates/stable
21088> 2018-07-02 08:52:17> SingleGlobalInstance: Grabbing lockfile with timeout of 00:00:10
21088> 2018-07-02 08:52:17> CheckForUpdateImpl: Downloading RELEASES file from https://discordapp.com/api/updates/stable
21088> 2018-07-02 08:52:17> FileDownloader: Downloading url: https://discordapp.com/api/updates/stable/RELEASES?id=Discord&localVersion=0.0.301&arch=amd64
21088> 2018-07-02 08:52:17> CheckForUpdateImpl: No updates
36652> 2018-07-03 08:49:38> Program: Starting Squirrel Updater: --check https://discordapp.com/api/updates/stable
36652> 2018-07-03 08:49:38> Program: Fetching update information, downloading from https://discordapp.com/api/updates/stable
36652> 2018-07-03 08:49:38> SingleGlobalInstance: Grabbing lockfile with timeout of 00:00:10
36652> 2018-07-03 08:49:38> CheckForUpdateImpl: Downloading RELEASES file from https://discordapp.com/api/updates/stable
36652> 2018-07-03 08:49:38> FileDownloader: Downloading url: https://discordapp.com/api/updates/stable/RELEASES?id=Discord&localVersion=0.0.301&arch=amd64
36652> 2018-07-03 08:49:39> CheckForUpdateImpl: No updates
33304> 2018-07-03 08:49:47> Program: Starting Squirrel Updater: --check https://discordapp.com/api/updates/stable
33304> 2018-07-03 08:49:47> Program: Fetching update information, downloading from https://discordapp.com/api/updates/stable
33304> 2018-07-03 08:49:47> SingleGlobalInstance: Grabbing lockfile with timeout of 00:00:10
33304> 2018-07-03 08:49:47> CheckForUpdateImpl: Downloading RELEASES file from https://discordapp.com/api/updates/stable
33304> 2018-07-03 08:49:47> FileDownloader: Downloading url: https://discordapp.com/api/updates/stable/RELEASES?id=Discord&localVersion=0.0.301&arch=amd64
33304> 2018-07-03 08:49:49> CheckForUpdateImpl: No updates
30776> 2018-07-04 08:57:50> Program: Starting Squirrel Updater: --check https://discordapp.com/api/updates/stable
30776> 2018-07-04 08:57:50> Program: Fetching update information, downloading from https://discordapp.com/api/updates/stable
30776> 2018-07-04 08:57:50> SingleGlobalInstance: Grabbing lockfile with timeout of 00:00:10
30776> 2018-07-04 08:57:50> CheckForUpdateImpl: Downloading RELEASES file from https://discordapp.com/api/updates/stable
30776> 2018-07-04 08:57:50> FileDownloader: Downloading url: https://discordapp.com/api/updates/stable/RELEASES?id=Discord&localVersion=0.0.301&arch=amd64
30776> 2018-07-04 08:57:51> CheckForUpdateImpl: No updates
72972> 2018-07-05 08:56:03> Program: Starting Squirrel Updater: --check https://discordapp.com/api/updates/stable
72972> 2018-07-05 08:56:03> Program: Fetching update information, downloading from https://discordapp.com/api/updates/stable
72972> 2018-07-05 08:56:03> SingleGlobalInstance: Grabbing lockfile with timeout of 00:00:10
72972> 2018-07-05 08:56:04> CheckForUpdateImpl: Downloading RELEASES file from https://discordapp.com/api/updates/stable
72972> 2018-07-05 08:56:04> FileDownloader: Downloading url: https://discordapp.com/api/updates/stable/RELEASES?id=Discord&localVersion=0.0.301&arch=amd64
72972> 2018-07-05 08:56:04> CheckForUpdateImpl: No updates
60096> 2018-07-06 07:53:53> Program: Starting Squirrel Updater: --check https://discordapp.com/api/updates/stable
60096> 2018-07-06 07:53:53> Program: Fetching update information, downloading from https://discordapp.com/api/updates/stable
60096> 2018-07-06 07:53:53> SingleGlobalInstance: Grabbing lockfile with timeout of 00:00:10
60096> 2018-07-06 07:53:53> CheckForUpdateImpl: Downloading RELEASES file from https://discordapp.com/api/updates/stable
60096> 2018-07-06 07:53:54> FileDownloader: Downloading url: https://discordapp.com/api/updates/stable/RELEASES?id=Discord&localVersion=0.0.301&arch=amd64
60096> 2018-07-06 07:53:54> CheckForUpdateImpl: No updates
71472> 2018-07-07 16:52:05> Program: Starting Squirrel Updater: --check https://discordapp.com/api/updates/stable
71472> 2018-07-07 16:52:05> Program: Fetching update information, downloading from https://discordapp.com/api/updates/stable
71472> 2018-07-07 16:52:05> SingleGlobalInstance: Grabbing lockfile with timeout of 00:00:10
71472> 2018-07-07 16:52:05> CheckForUpdateImpl: Downloading RELEASES file from https://discordapp.com/api/updates/stable
71472> 2018-07-07 16:52:05> FileDownloader: Downloading url: https://discordapp.com/api/updates/stable/RELEASES?id=Discord&localVersion=0.0.301&arch=amd64
71472> 2018-07-07 16:52:05> CheckForUpdateImpl: No updates
64996> 2018-07-23 08:54:27> Program: Starting Squirrel Updater: --check https://discordapp.com/api/updates/stable
64996> 2018-07-23 08:54:27> Program: Fetching update information, downloading from https://discordapp.com/api/updates/stable
64996> 2018-07-23 08:54:27> SingleGlobalInstance: Grabbing lockfile with timeout of 00:00:10
64996> 2018-07-23 08:54:27> CheckForUpdateImpl: Downloading RELEASES file from https://discordapp.com/api/updates/stable
64996> 2018-07-23 08:54:27> FileDownloader: Downloading url: https://discordapp.com/api/updates/stable/RELEASES?id=Discord&localVersion=0.0.301&arch=amd64
64996> 2018-07-23 08:54:27> CheckForUpdateImpl: No updates
49396> 2018-07-23 08:54:52> Program: Starting Squirrel Updater: --check https://discordapp.com/api/updates/stable
49396> 2018-07-23 08:54:52> Program: Fetching update information, downloading from https://discordapp.com/api/updates/stable
49396> 2018-07-23 08:54:52> SingleGlobalInstance: Grabbing lockfile with timeout of 00:00:10
49396> 2018-07-23 08:54:52> CheckForUpdateImpl: Downloading RELEASES file from https://discordapp.com/api/updates/stable
49396> 2018-07-23 08:54:53> FileDownloader: Downloading url: https://discordapp.com/api/updates/stable/RELEASES?id=Discord&localVersion=0.0.301&arch=amd64
49396> 2018-07-23 08:54:53> CheckForUpdateImpl: No updates
48388> 2018-07-23 08:55:05> Program: Starting Squirrel Updater: --check https://discordapp.com/api/updates/stable
48388> 2018-07-23 08:55:06> Program: Fetching update information, downloading from https://discordapp.com/api/updates/stable
48388> 2018-07-23 08:55:06> SingleGlobalInstance: Grabbing lockfile with timeout of 00:00:10
48388> 2018-07-23 08:55:06> CheckForUpdateImpl: Downloading RELEASES file from https://discordapp.com/api/updates/stable
48388> 2018-07-23 08:55:06> FileDownloader: Downloading url: https://discordapp.com/api/updates/stable/RELEASES?id=Discord&localVersion=0.0.301&arch=amd64
48388> 2018-07-23 08:55:07> CheckForUpdateImpl: No updates
79364> 2018-07-24 08:52:48> Program: Starting Squirrel Updater: --check https://discordapp.com/api/updates/stable
79364> 2018-07-24 08:52:48> Program: Fetching update information, downloading from https://discordapp.com/api/updates/stable
79364> 2018-07-24 08:52:48> SingleGlobalInstance: Grabbing lockfile with timeout of 00:00:10
79364> 2018-07-24 08:52:48> CheckForUpdateImpl: Downloading RELEASES file from https://discordapp.com/api/updates/stable
79364> 2018-07-24 08:52:48> FileDownloader: Downloading url: https://discordapp.com/api/updates/stable/RELEASES?id=Discord&localVersion=0.0.301&arch=amd64
79364> 2018-07-24 08:52:48> CheckForUpdateImpl: No updates
42692> 2018-07-24 08:52:54> Program: Starting Squirrel Updater: --check https://discordapp.com/api/updates/stable
42692> 2018-07-24 08:52:54> Program: Fetching update information, downloading from https://discordapp.com/api/updates/stable
42692> 2018-07-24 08:52:54> SingleGlobalInstance: Grabbing lockfile with timeout of 00:00:10
42692> 2018-07-24 08:52:54> CheckForUpdateImpl: Downloading RELEASES file from https://discordapp.com/api/updates/stable
42692> 2018-07-24 08:52:54> FileDownloader: Downloading url: https://discordapp.com/api/updates/stable/RELEASES?id=Discord&localVersion=0.0.301&arch=amd64
42692> 2018-07-24 08:52:54> CheckForUpdateImpl: No updates
148552> 2018-07-25 08:56:54> Program: Starting Squirrel Updater: --check https://discordapp.com/api/updates/stable
148552> 2018-07-25 08:56:54> Program: Fetching update information, downloading from https://discordapp.com/api/updates/stable
148552> 2018-07-25 08:56:54> SingleGlobalInstance: Grabbing lockfile with timeout of 00:00:10
148552> 2018-07-25 08:56:54> CheckForUpdateImpl: Downloading RELEASES file from https://discordapp.com/api/updates/stable
148552> 2018-07-25 08:56:54> FileDownloader: Downloading url: https://discordapp.com/api/updates/stable/RELEASES?id=Discord&localVersion=0.0.301&arch=amd64
148552> 2018-07-25 08:56:54> CheckForUpdateImpl: No updates
152404> 2018-07-25 08:56:59> Program: Starting Squirrel Updater: --check https://discordapp.com/api/updates/stable
152404> 2018-07-25 08:56:59> Program: Fetching update information, downloading from https://discordapp.com/api/updates/stable
152404> 2018-07-25 08:56:59> SingleGlobalInstance: Grabbing lockfile with timeout of 00:00:10
152404> 2018-07-25 08:56:59> CheckForUpdateImpl: Downloading RELEASES file from https://discordapp.com/api/updates/stable
152404> 2018-07-25 08:56:59> FileDownloader: Downloading url: https://discordapp.com/api/updates/stable/RELEASES?id=Discord&localVersion=0.0.301&arch=amd64
152404> 2018-07-25 08:56:59> CheckForUpdateImpl: No updates
165972> 2018-07-26 08:58:20> Program: Starting Squirrel Updater: --check https://discordapp.com/api/updates/stable
165972> 2018-07-26 08:58:20> Program: Fetching update information, downloading from https://discordapp.com/api/updates/stable
165972> 2018-07-26 08:58:20> SingleGlobalInstance: Grabbing lockfile with timeout of 00:00:10
165972> 2018-07-26 08:58:20> CheckForUpdateImpl: Downloading RELEASES file from https://discordapp.com/api/updates/stable
165972> 2018-07-26 08:58:20> FileDownloader: Downloading url: https://discordapp.com/api/updates/stable/RELEASES?id=Discord&localVersion=0.0.301&arch=amd64
165972> 2018-07-26 08:58:20> CheckForUpdateImpl: No updates
47028> 2018-07-27 09:01:22> Program: Starting Squirrel Updater: --check https://discordapp.com/api/updates/stable
47028> 2018-07-27 09:01:22> Program: Fetching update information, downloading from https://discordapp.com/api/updates/stable
47028> 2018-07-27 09:01:22> SingleGlobalInstance: Grabbing lockfile with timeout of 00:00:10
47028> 2018-07-27 09:01:22> CheckForUpdateImpl: Downloading RELEASES file from https://discordapp.com/api/updates/stable
47028> 2018-07-27 09:01:22> FileDownloader: Downloading url: https://discordapp.com/api/updates/stable/RELEASES?id=Discord&localVersion=0.0.301&arch=amd64
47028> 2018-07-27 09:01:27> CheckForUpdateImpl: No updates
122276> 2018-07-27 10:01:54> Program: Starting Squirrel Updater: --check https://discordapp.com/api/updates/stable
122276> 2018-07-27 10:01:55> Program: Fetching update information, downloading from https://discordapp.com/api/updates/stable
122276> 2018-07-27 10:01:55> SingleGlobalInstance: Grabbing lockfile with timeout of 00:00:10
122276> 2018-07-27 10:01:55> CheckForUpdateImpl: Downloading RELEASES file from https://discordapp.com/api/updates/stable
122276> 2018-07-27 10:01:55> FileDownloader: Downloading url: https://discordapp.com/api/updates/stable/RELEASES?id=Discord&localVersion=0.0.301&arch=amd64
122276> 2018-07-27 10:01:55> CheckForUpdateImpl: No updates
129540> 2018-07-30 08:55:24> Program: Starting Squirrel Updater: --check https://discordapp.com/api/updates/stable
129540> 2018-07-30 08:55:24> Program: Fetching update information, downloading from https://discordapp.com/api/updates/stable
129540> 2018-07-30 08:55:24> SingleGlobalInstance: Grabbing lockfile with timeout of 00:00:10
129540> 2018-07-30 08:55:24> CheckForUpdateImpl: Downloading RELEASES file from https://discordapp.com/api/updates/stable
129540> 2018-07-30 08:55:24> FileDownloader: Downloading url: https://discordapp.com/api/updates/stable/RELEASES?id=Discord&localVersion=0.0.301&arch=amd64
129540> 2018-07-30 08:55:25> CheckForUpdateImpl: No updates
123100> 2018-07-31 09:00:20> Program: Starting Squirrel Updater: --check https://discordapp.com/api/updates/stable
123100> 2018-07-31 09:00:20> Program: Fetching update information, downloading from https://discordapp.com/api/updates/stable
123100> 2018-07-31 09:00:20> SingleGlobalInstance: Grabbing lockfile with timeout of 00:00:10
123100> 2018-07-31 09:00:20> CheckForUpdateImpl: Downloading RELEASES file from https://discordapp.com/api/updates/stable
123100> 2018-07-31 09:00:20> FileDownloader: Downloading url: https://discordapp.com/api/updates/stable/RELEASES?id=Discord&localVersion=0.0.301&arch=amd64
123100> 2018-07-31 09:00:20> CheckForUpdateImpl: No updates
11852> 2018-07-31 11:59:26> Program: Starting Squirrel Updater: --check https://discordapp.com/api/updates/stable
11852> 2018-07-31 11:59:26> Program: Fetching update information, downloading from https://discordapp.com/api/updates/stable
11852> 2018-07-31 11:59:26> SingleGlobalInstance: Grabbing lockfile with timeout of 00:00:10
11852> 2018-07-31 11:59:26> CheckForUpdateImpl: Downloading RELEASES file from https://discordapp.com/api/updates/stable
11852> 2018-07-31 11:59:26> FileDownloader: Downloading url: https://discordapp.com/api/updates/stable/RELEASES?id=Discord&localVersion=0.0.301&arch=amd64
11852> 2018-07-31 11:59:26> CheckForUpdateImpl: No updates
12872> 2018-08-01 08:56:38> Program: Starting Squirrel Updater: --check https://discordapp.com/api/updates/stable
12872> 2018-08-01 08:56:38> Program: Fetching update information, downloading from https://discordapp.com/api/updates/stable
12872> 2018-08-01 08:56:38> SingleGlobalInstance: Grabbing lockfile with timeout of 00:00:10
12872> 2018-08-01 08:56:38> CheckForUpdateImpl: Downloading RELEASES file from https://discordapp.com/api/updates/stable
12872> 2018-08-01 08:56:39> FileDownloader: Downloading url: https://discordapp.com/api/updates/stable/RELEASES?id=Discord&localVersion=0.0.301&arch=amd64
12872> 2018-08-01 08:56:39> CheckForUpdateImpl: No updates
16112> 2018-08-02 08:54:28> Program: Starting Squirrel Updater: --check https://discordapp.com/api/updates/stable
16112> 2018-08-02 08:54:29> Program: Fetching update information, downloading from https://discordapp.com/api/updates/stable
16112> 2018-08-02 08:54:29> SingleGlobalInstance: Grabbing lockfile with timeout of 00:00:10
16112> 2018-08-02 08:54:29> CheckForUpdateImpl: Downloading RELEASES file from https://discordapp.com/api/updates/stable
16112> 2018-08-02 08:54:29> FileDownloader: Downloading url: https://discordapp.com/api/updates/stable/RELEASES?id=Discord&localVersion=0.0.301&arch=amd64
16112> 2018-08-02 08:54:31> CheckForUpdateImpl: No updates
65332> 2018-08-06 08:59:22> Program: Starting Squirrel Updater: --check https://discordapp.com/api/updates/stable
65332> 2018-08-06 08:59:23> Program: Fetching update information, downloading from https://discordapp.com/api/updates/stable
65332> 2018-08-06 08:59:23> SingleGlobalInstance: Grabbing lockfile with timeout of 00:00:10
65332> 2018-08-06 08:59:23> CheckForUpdateImpl: Downloading RELEASES file from https://discordapp.com/api/updates/stable
65332> 2018-08-06 08:59:23> FileDownloader: Downloading url: https://discordapp.com/api/updates/stable/RELEASES?id=Discord&localVersion=0.0.301&arch=amd64
65332> 2018-08-06 08:59:23> CheckForUpdateImpl: No updates
35076> 2018-08-06 08:59:30> Program: Starting Squirrel Updater: --check https://discordapp.com/api/updates/stable
35076> 2018-08-06 08:59:30> Program: Fetching update information, downloading from https://discordapp.com/api/updates/stable
35076> 2018-08-06 08:59:31> SingleGlobalInstance: Grabbing lockfile with timeout of 00:00:10
35076> 2018-08-06 08:59:31> CheckForUpdateImpl: Downloading RELEASES file from https://discordapp.com/api/updates/stable
35076> 2018-08-06 08:59:31> FileDownloader: Downloading url: https://discordapp.com/api/updates/stable/RELEASES?id=Discord&localVersion=0.0.301&arch=amd64
35076> 2018-08-06 08:59:31> CheckForUpdateImpl: No updates
23488> 2018-08-07 08:58:03> Program: Starting Squirrel Updater: --check https://discordapp.com/api/updates/stable
23488> 2018-08-07 08:58:04> Program: Fetching update information, downloading from https://discordapp.com/api/updates/stable
23488> 2018-08-07 08:58:04> SingleGlobalInstance: Grabbing lockfile with timeout of 00:00:10
23488> 2018-08-07 08:58:04> CheckForUpdateImpl: Downloading RELEASES file from https://discordapp.com/api/updates/stable
23488> 2018-08-07 08:58:04> FileDownloader: Downloading url: https://discordapp.com/api/updates/stable/RELEASES?id=Discord&localVersion=0.0.301&arch=amd64
23488> 2018-08-07 08:58:04> CheckForUpdateImpl: No updates
39204> 2018-08-07 08:58:09> Program: Starting Squirrel Updater: --check https://discordapp.com/api/updates/stable
39204> 2018-08-07 08:58:09> Program: Fetching update information, downloading from https://discordapp.com/api/updates/stable
39204> 2018-08-07 08:58:09> SingleGlobalInstance: Grabbing lockfile with timeout of 00:00:10
39204> 2018-08-07 08:58:09> CheckForUpdateImpl: Downloading RELEASES file from https://discordapp.com/api/updates/stable
39204> 2018-08-07 08:58:09> FileDownloader: Downloading url: https://discordapp.com/api/updates/stable/RELEASES?id=Discord&localVersion=0.0.301&arch=amd64
39204> 2018-08-07 08:58:09> CheckForUpdateImpl: No updates
104988> 2018-08-08 08:58:26> Program: Starting Squirrel Updater: --check https://discordapp.com/api/updates/stable
104988> 2018-08-08 08:58:26> Program: Fetching update information, downloading from https://discordapp.com/api/updates/stable
104988> 2018-08-08 08:58:26> SingleGlobalInstance: Grabbing lockfile with timeout of 00:00:10
104988> 2018-08-08 08:58:26> CheckForUpdateImpl: Downloading RELEASES file from https://discordapp.com/api/updates/stable
104988> 2018-08-08 08:58:26> FileDownloader: Downloading url: https://discordapp.com/api/updates/stable/RELEASES?id=Discord&localVersion=0.0.301&arch=amd64
104988> 2018-08-08 08:58:26> CheckForUpdateImpl: No updates
67924> 2018-08-09 08:59:21> Program: Starting Squirrel Updater: --check https://discordapp.com/api/updates/stable
67924> 2018-08-09 08:59:21> Program: Fetching update information, downloading from https://discordapp.com/api/updates/stable
67924> 2018-08-09 08:59:21> SingleGlobalInstance: Grabbing lockfile with timeout of 00:00:10
67924> 2018-08-09 08:59:21> CheckForUpdateImpl: Downloading RELEASES file from https://discordapp.com/api/updates/stable
67924> 2018-08-09 08:59:21> FileDownloader: Downloading url: https://discordapp.com/api/updates/stable/RELEASES?id=Discord&localVersion=0.0.301&arch=amd64
67924> 2018-08-09 08:59:21> CheckForUpdateImpl: No updates
38560> 2018-08-09 08:59:26> Program: Starting Squirrel Updater: --check https://discordapp.com/api/updates/stable
38560> 2018-08-09 08:59:27> Program: Fetching update information, downloading from https://discordapp.com/api/updates/stable
38560> 2018-08-09 08:59:27> SingleGlobalInstance: Grabbing lockfile with timeout of 00:00:10
38560> 2018-08-09 08:59:27> CheckForUpdateImpl: Downloading RELEASES file from https://discordapp.com/api/updates/stable
38560> 2018-08-09 08:59:27> FileDownloader: Downloading url: https://discordapp.com/api/updates/stable/RELEASES?id=Discord&localVersion=0.0.301&arch=amd64
38560> 2018-08-09 08:59:27> CheckForUpdateImpl: No updates
114960> 2018-08-10 09:05:14> Program: Starting Squirrel Updater: --check https://discordapp.com/api/updates/stable
114960> 2018-08-10 09:05:14> Program: Fetching update information, downloading from https://discordapp.com/api/updates/stable
114960> 2018-08-10 09:05:14> SingleGlobalInstance: Grabbing lockfile with timeout of 00:00:10
114960> 2018-08-10 09:05:14> CheckForUpdateImpl: Downloading RELEASES file from https://discordapp.com/api/updates/stable
114960> 2018-08-10 09:05:14> FileDownloader: Downloading url: https://discordapp.com/api/updates/stable/RELEASES?id=Discord&localVersion=0.0.301&arch=amd64
114960> 2018-08-10 09:05:15> CheckForUpdateImpl: No updates
72596> 2018-08-11 18:03:15> Program: Starting Squirrel Updater: --check https://discordapp.com/api/updates/stable
72596> 2018-08-11 18:03:15> Program: Fetching update information, downloading from https://discordapp.com/api/updates/stable
72596> 2018-08-11 18:03:15> SingleGlobalInstance: Grabbing lockfile with timeout of 00:00:10
72596> 2018-08-11 18:03:15> CheckForUpdateImpl: Downloading RELEASES file from https://discordapp.com/api/updates/stable
72596> 2018-08-11 18:03:15> FileDownloader: Downloading url: https://discordapp.com/api/updates/stable/RELEASES?id=Discord&localVersion=0.0.301&arch=amd64
72596> 2018-08-11 18:03:16> CheckForUpdateImpl: No updates
26892> 2018-08-11 18:03:25> Program: Starting Squirrel Updater: --check https://discordapp.com/api/updates/stable
26892> 2018-08-11 18:03:25> Program: Fetching update information, downloading from https://discordapp.com/api/updates/stable
26892> 2018-08-11 18:03:25> SingleGlobalInstance: Grabbing lockfile with timeout of 00:00:10
26892> 2018-08-11 18:03:25> CheckForUpdateImpl: Downloading RELEASES file from https://discordapp.com/api/updates/stable
26892> 2018-08-11 18:03:25> FileDownloader: Downloading url: https://discordapp.com/api/updates/stable/RELEASES?id=Discord&localVersion=0.0.301&arch=amd64
26892> 2018-08-11 18:03:25> CheckForUpdateImpl: No updates
45204> 2018-08-13 09:02:47> Program: Starting Squirrel Updater: --check https://discordapp.com/api/updates/stable
45204> 2018-08-13 09:02:47> Program: Fetching update information, downloading from https://discordapp.com/api/updates/stable
45204> 2018-08-13 09:02:47> SingleGlobalInstance: Grabbing lockfile with timeout of 00:00:10
45204> 2018-08-13 09:02:48> CheckForUpdateImpl: Downloading RELEASES file from https://discordapp.com/api/updates/stable
45204> 2018-08-13 09:02:48> FileDownloader: Downloading url: https://discordapp.com/api/updates/stable/RELEASES?id=Discord&localVersion=0.0.301&arch=amd64
45204> 2018-08-13 09:02:48> CheckForUpdateImpl: No updates
80008> 2018-08-14 08:56:59> Program: Starting Squirrel Updater: --check https://discordapp.com/api/updates/stable
80008> 2018-08-14 08:56:59> Program: Fetching update information, downloading from https://discordapp.com/api/updates/stable
80008> 2018-08-14 08:56:59> SingleGlobalInstance: Grabbing lockfile with timeout of 00:00:10
80008> 2018-08-14 08:57:00> CheckForUpdateImpl: Downloading RELEASES file from https://discordapp.com/api/updates/stable
80008> 2018-08-14 08:57:00> FileDownloader: Downloading url: https://discordapp.com/api/updates/stable/RELEASES?id=Discord&localVersion=0.0.301&arch=amd64
80008> 2018-08-14 08:57:00> CheckForUpdateImpl: No updates
20188> 2018-08-14 09:57:14> Program: Starting Squirrel Updater: --check https://discordapp.com/api/updates/stable
20188> 2018-08-14 09:57:14> Program: Fetching update information, downloading from https://discordapp.com/api/updates/stable
20188> 2018-08-14 09:57:14> SingleGlobalInstance: Grabbing lockfile with timeout of 00:00:10
20188> 2018-08-14 09:57:14> CheckForUpdateImpl: Downloading RELEASES file from https://discordapp.com/api/updates/stable
20188> 2018-08-14 09:57:14> FileDownloader: Downloading url: https://discordapp.com/api/updates/stable/RELEASES?id=Discord&localVersion=0.0.301&arch=amd64
20188> 2018-08-14 09:57:14> CheckForUpdateImpl: No updates
66976> 2018-08-14 10:57:14> Program: Starting Squirrel Updater: --check https://discordapp.com/api/updates/stable
66976> 2018-08-14 10:57:14> Program: Fetching update information, downloading from https://discordapp.com/api/updates/stable
66976> 2018-08-14 10:57:14> SingleGlobalInstance: Grabbing lockfile with timeout of 00:00:10
66976> 2018-08-14 10:57:14> CheckForUpdateImpl: Downloading RELEASES file from https://discordapp.com/api/updates/stable
66976> 2018-08-14 10:57:14> FileDownloader: Downloading url: https://discordapp.com/api/updates/stable/RELEASES?id=Discord&localVersion=0.0.301&arch=amd64
66976> 2018-08-14 10:57:14> CheckForUpdateImpl: No updates
7508> 2018-08-14 11:57:14> Program: Starting Squirrel Updater: --check https://discordapp.com/api/updates/stable
7508> 2018-08-14 11:57:14> Program: Fetching update information, downloading from https://discordapp.com/api/updates/stable
7508> 2018-08-14 11:57:14> SingleGlobalInstance: Grabbing lockfile with timeout of 00:00:10
7508> 2018-08-14 11:57:14> CheckForUpdateImpl: Downloading RELEASES file from https://discordapp.com/api/updates/stable
7508> 2018-08-14 11:57:14> FileDownloader: Downloading url: https://discordapp.com/api/updates/stable/RELEASES?id=Discord&localVersion=0.0.301&arch=amd64
7508> 2018-08-14 11:57:14> CheckForUpdateImpl: No updates
59752> 2018-08-14 12:57:14> Program: Starting Squirrel Updater: --check https://discordapp.com/api/updates/stable
59752> 2018-08-14 12:57:14> Program: Fetching update information, downloading from https://discordapp.com/api/updates/stable
59752> 2018-08-14 12:57:14> SingleGlobalInstance: Grabbing lockfile with timeout of 00:00:10
59752> 2018-08-14 12:57:14> CheckForUpdateImpl: Downloading RELEASES file from https://discordapp.com/api/updates/stable
59752> 2018-08-14 12:57:14> FileDownloader: Downloading url: https://discordapp.com/api/updates/stable/RELEASES?id=Discord&localVersion=0.0.301&arch=amd64
59752> 2018-08-14 12:57:14> CheckForUpdateImpl: No updates
114756> 2018-08-14 13:57:14> Program: Starting Squirrel Updater: --check https://discordapp.com/api/updates/stable
114756> 2018-08-14 13:57:14> Program: Fetching update information, downloading from https://discordapp.com/api/updates/stable
114756> 2018-08-14 13:57:14> SingleGlobalInstance: Grabbing lockfile with timeout of 00:00:10
114756> 2018-08-14 13:57:14> CheckForUpdateImpl: Downloading RELEASES file from https://discordapp.com/api/updates/stable
114756> 2018-08-14 13:57:14> FileDownloader: Downloading url: https://discordapp.com/api/updates/stable/RELEASES?id=Discord&localVersion=0.0.301&arch=amd64
114756> 2018-08-14 13:57:14> CheckForUpdateImpl: No updates
82232> 2018-08-14 14:57:14> Program: Starting Squirrel Updater: --check https://discordapp.com/api/updates/stable
82232> 2018-08-14 14:57:14> Program: Fetching update information, downloading from https://discordapp.com/api/updates/stable
82232> 2018-08-14 14:57:14> SingleGlobalInstance: Grabbing lockfile with timeout of 00:00:10
82232> 2018-08-14 14:57:14> CheckForUpdateImpl: Downloading RELEASES file from https://discordapp.com/api/updates/stable
82232> 2018-08-14 14:57:14> FileDownloader: Downloading url: https://discordapp.com/api/updates/stable/RELEASES?id=Discord&localVersion=0.0.301&arch=amd64
82232> 2018-08-14 14:57:14> CheckForUpdateImpl: No updates
5452> 2018-08-14 15:57:14> Program: Starting Squirrel Updater: --check https://discordapp.com/api/updates/stable
5452> 2018-08-14 15:57:14> Program: Fetching update information, downloading from https://discordapp.com/api/updates/stable
5452> 2018-08-14 15:57:14> SingleGlobalInstance: Grabbing lockfile with timeout of 00:00:10
5452> 2018-08-14 15:57:14> CheckForUpdateImpl: Downloading RELEASES file from https://discordapp.com/api/updates/stable
5452> 2018-08-14 15:57:14> FileDownloader: Downloading url: https://discordapp.com/api/updates/stable/RELEASES?id=Discord&localVersion=0.0.301&arch=amd64
5452> 2018-08-14 15:57:14> CheckForUpdateImpl: No updates
107132> 2018-08-14 16:57:14> Program: Starting Squirrel Updater: --check https://discordapp.com/api/updates/stable
107132> 2018-08-14 16:57:14> Program: Fetching update information, downloading from https://discordapp.com/api/updates/stable
107132> 2018-08-14 16:57:14> SingleGlobalInstance: Grabbing lockfile with timeout of 00:00:10
107132> 2018-08-14 16:57:14> CheckForUpdateImpl: Downloading RELEASES file from https://discordapp.com/api/updates/stable
107132> 2018-08-14 16:57:14> FileDownloader: Downloading url: https://discordapp.com/api/updates/stable/RELEASES?id=Discord&localVersion=0.0.301&arch=amd64
107132> 2018-08-14 16:57:14> CheckForUpdateImpl: No updates
75524> 2018-08-15 08:58:22> Program: Starting Squirrel Updater: --check https://discordapp.com/api/updates/stable
75524> 2018-08-15 08:58:22> Program: Fetching update information, downloading from https://discordapp.com/api/updates/stable
75524> 2018-08-15 08:58:22> SingleGlobalInstance: Grabbing lockfile with timeout of 00:00:10
75524> 2018-08-15 08:58:22> CheckForUpdateImpl: Downloading RELEASES file from https://discordapp.com/api/updates/stable
75524> 2018-08-15 08:58:22> FileDownloader: Downloading url: https://discordapp.com/api/updates/stable/RELEASES?id=Discord&localVersion=0.0.301&arch=amd64
75524> 2018-08-15 08:58:22> CheckForUpdateImpl: No updates
12632> 2018-08-16 09:02:14> Program: Starting Squirrel Updater: --check https://discordapp.com/api/updates/stable
12632> 2018-08-16 09:02:14> Program: Fetching update information, downloading from https://discordapp.com/api/updates/stable
12632> 2018-08-16 09:02:14> SingleGlobalInstance: Grabbing lockfile with timeout of 00:00:10
12632> 2018-08-16 09:02:14> CheckForUpdateImpl: Downloading RELEASES file from https://discordapp.com/api/updates/stable
12632> 2018-08-16 09:02:15> FileDownloader: Downloading url: https://discordapp.com/api/updates/stable/RELEASES?id=Discord&localVersion=0.0.301&arch=amd64
12632> 2018-08-16 09:02:16> CheckForUpdateImpl: No updates
14608> 2018-08-16 09:02:24> Program: Starting Squirrel Updater: --check https://discordapp.com/api/updates/stable
14608> 2018-08-16 09:02:24> Program: Fetching update information, downloading from https://discordapp.com/api/updates/stable
14608> 2018-08-16 09:02:24> SingleGlobalInstance: Grabbing lockfile with timeout of 00:00:10
14608> 2018-08-16 09:02:25> CheckForUpdateImpl: Downloading RELEASES file from https://discordapp.com/api/updates/stable
14608> 2018-08-16 09:02:25> FileDownloader: Downloading url: https://discordapp.com/api/updates/stable/RELEASES?id=Discord&localVersion=0.0.301&arch=amd64
14608> 2018-08-16 09:02:27> CheckForUpdateImpl: No updates
7184> 2018-08-17 08:58:43> Program: Starting Squirrel Updater: --check https://discordapp.com/api/updates/stable
7184> 2018-08-17 08:58:43> Program: Fetching update information, downloading from https://discordapp.com/api/updates/stable
7184> 2018-08-17 08:58:43> SingleGlobalInstance: Grabbing lockfile with timeout of 00:00:10
7184> 2018-08-17 08:58:43> CheckForUpdateImpl: Downloading RELEASES file from https://discordapp.com/api/updates/stable
7184> 2018-08-17 08:58:43> FileDownloader: Downloading url: https://discordapp.com/api/updates/stable/RELEASES?id=Discord&localVersion=0.0.301&arch=amd64
7184> 2018-08-17 08:58:43> CheckForUpdateImpl: No updates
17492> 2018-08-17 08:58:48> Program: Starting Squirrel Updater: --check https://discordapp.com/api/updates/stable
17492> 2018-08-17 08:58:48> Program: Fetching update information, downloading from https://discordapp.com/api/updates/stable
17492> 2018-08-17 08:58:48> SingleGlobalInstance: Grabbing lockfile with timeout of 00:00:10
17492> 2018-08-17 08:58:48> CheckForUpdateImpl: Downloading RELEASES file from https://discordapp.com/api/updates/stable
17492> 2018-08-17 08:58:48> FileDownloader: Downloading url: https://discordapp.com/api/updates/stable/RELEASES?id=Discord&localVersion=0.0.301&arch=amd64
17492> 2018-08-17 08:58:49> CheckForUpdateImpl: No updates
17684> 2018-08-20 09:01:09> Program: Starting Squirrel Updater: --check https://discordapp.com/api/updates/stable
17684> 2018-08-20 09:01:09> Program: Fetching update information, downloading from https://discordapp.com/api/updates/stable
17684> 2018-08-20 09:01:09> SingleGlobalInstance: Grabbing lockfile with timeout of 00:00:10
17684> 2018-08-20 09:01:09> CheckForUpdateImpl: Downloading RELEASES file from https://discordapp.com/api/updates/stable
17684> 2018-08-20 09:01:09> FileDownloader: Downloading url: https://discordapp.com/api/updates/stable/RELEASES?id=Discord&localVersion=0.0.301&arch=amd64
17684> 2018-08-20 09:01:09> CheckForUpdateImpl: No updates
41876> 2018-08-20 09:01:16> Program: Starting Squirrel Updater: --check https://discordapp.com/api/updates/stable
41876> 2018-08-20 09:01:16> Program: Fetching update information, downloading from https://discordapp.com/api/updates/stable
41876> 2018-08-20 09:01:16> SingleGlobalInstance: Grabbing lockfile with timeout of 00:00:10
41876> 2018-08-20 09:01:16> CheckForUpdateImpl: Downloading RELEASES file from https://discordapp.com/api/updates/stable
41876> 2018-08-20 09:01:16> FileDownloader: Downloading url: https://discordapp.com/api/updates/stable/RELEASES?id=Discord&localVersion=0.0.301&arch=amd64
41876> 2018-08-20 09:01:17> CheckForUpdateImpl: No updates
20500> 2018-08-20 10:01:31> Program: Starting Squirrel Updater: --check https://discordapp.com/api/updates/stable
20500> 2018-08-20 10:01:31> Program: Fetching update information, downloading from https://discordapp.com/api/updates/stable
20500> 2018-08-20 10:01:31> SingleGlobalInstance: Grabbing lockfile with timeout of 00:00:10
20500> 2018-08-20 10:01:31> CheckForUpdateImpl: Downloading RELEASES file from https://discordapp.com/api/updates/stable
20500> 2018-08-20 10:01:31> FileDownloader: Downloading url: https://discordapp.com/api/updates/stable/RELEASES?id=Discord&localVersion=0.0.301&arch=amd64
20500> 2018-08-20 10:01:32> CheckForUpdateImpl: No updates
48368> 2018-08-20 11:01:31> Program: Starting Squirrel Updater: --check https://discordapp.com/api/updates/stable
48368> 2018-08-20 11:01:31> Program: Fetching update information, downloading from https://discordapp.com/api/updates/stable
48368> 2018-08-20 11:01:31> SingleGlobalInstance: Grabbing lockfile with timeout of 00:00:10
48368> 2018-08-20 11:01:31> CheckForUpdateImpl: Downloading RELEASES file from https://discordapp.com/api/updates/stable
48368> 2018-08-20 11:01:31> FileDownloader: Downloading url: https://discordapp.com/api/updates/stable/RELEASES?id=Discord&localVersion=0.0.301&arch=amd64
48368> 2018-08-20 11:01:32> CheckForUpdateImpl: No updates
29324> 2018-08-20 12:01:31> Program: Starting Squirrel Updater: --check https://discordapp.com/api/updates/stable
29324> 2018-08-20 12:01:31> Program: Fetching update information, downloading from https://discordapp.com/api/updates/stable
29324> 2018-08-20 12:01:31> SingleGlobalInstance: Grabbing lockfile with timeout of 00:00:10
29324> 2018-08-20 12:01:31> CheckForUpdateImpl: Downloading RELEASES file from https://discordapp.com/api/updates/stable
29324> 2018-08-20 12:01:31> FileDownloader: Downloading url: https://discordapp.com/api/updates/stable/RELEASES?id=Discord&localVersion=0.0.301&arch=amd64
29324> 2018-08-20 12:01:32> CheckForUpdateImpl: No updates
59476> 2018-08-20 13:01:31> Program: Starting Squirrel Updater: --check https://discordapp.com/api/updates/stable
59476> 2018-08-20 13:01:31> Program: Fetching update information, downloading from https://discordapp.com/api/updates/stable
59476> 2018-08-20 13:01:31> SingleGlobalInstance: Grabbing lockfile with timeout of 00:00:10
59476> 2018-08-20 13:01:31> CheckForUpdateImpl: Downloading RELEASES file from https://discordapp.com/api/updates/stable
59476> 2018-08-20 13:01:31> FileDownloader: Downloading url: https://discordapp.com/api/updates/stable/RELEASES?id=Discord&localVersion=0.0.301&arch=amd64
59476> 2018-08-20 13:01:32> CheckForUpdateImpl: No updates
5264> 2018-08-21 08:59:12> Program: Starting Squirrel Updater: --check https://discordapp.com/api/updates/stable
5264> 2018-08-21 08:59:12> Program: Fetching update information, downloading from https://discordapp.com/api/updates/stable
5264> 2018-08-21 08:59:12> SingleGlobalInstance: Grabbing lockfile with timeout of 00:00:10
5264> 2018-08-21 08:59:12> CheckForUpdateImpl: Downloading RELEASES file from https://discordapp.com/api/updates/stable
5264> 2018-08-21 08:59:13> FileDownloader: Downloading url: https://discordapp.com/api/updates/stable/RELEASES?id=Discord&localVersion=0.0.301&arch=amd64
5264> 2018-08-21 08:59:13> CheckForUpdateImpl: No updates
19308> 2018-08-21 08:59:24> Program: Starting Squirrel Updater: --check https://discordapp.com/api/updates/stable
19308> 2018-08-21 08:59:24> Program: Fetching update information, downloading from https://discordapp.com/api/updates/stable
19308> 2018-08-21 08:59:24> SingleGlobalInstance: Grabbing lockfile with timeout of 00:00:10
19308> 2018-08-21 08:59:24> CheckForUpdateImpl: Downloading RELEASES file from https://discordapp.com/api/updates/stable
19308> 2018-08-21 08:59:24> FileDownloader: Downloading url: https://discordapp.com/api/updates/stable/RELEASES?id=Discord&localVersion=0.0.301&arch=amd64
19308> 2018-08-21 08:59:24> CheckForUpdateImpl: No updates
58020> 2018-08-22 08:57:15> Program: Starting Squirrel Updater: --check https://discordapp.com/api/updates/stable
58020> 2018-08-22 08:57:15> Program: Fetching update information, downloading from https://discordapp.com/api/updates/stable
58020> 2018-08-22 08:57:15> SingleGlobalInstance: Grabbing lockfile with timeout of 00:00:10
58020> 2018-08-22 08:57:16> CheckForUpdateImpl: Downloading RELEASES file from https://discordapp.com/api/updates/stable
58020> 2018-08-22 08:57:16> FileDownloader: Downloading url: https://discordapp.com/api/updates/stable/RELEASES?id=Discord&localVersion=0.0.301&arch=amd64
58020> 2018-08-22 08:57:16> CheckForUpdateImpl: No updates
11808> 2018-08-22 08:57:25> Program: Starting Squirrel Updater: --check https://discordapp.com/api/updates/stable
11808> 2018-08-22 08:57:25> Program: Fetching update information, downloading from https://discordapp.com/api/updates/stable
11808> 2018-08-22 08:57:25> SingleGlobalInstance: Grabbing lockfile with timeout of 00:00:10
11808> 2018-08-22 08:57:25> CheckForUpdateImpl: Downloading RELEASES file from https://discordapp.com/api/updates/stable
11808> 2018-08-22 08:57:25> FileDownloader: Downloading url: https://discordapp.com/api/updates/stable/RELEASES?id=Discord&localVersion=0.0.301&arch=amd64
11808> 2018-08-22 08:57:26> CheckForUpdateImpl: No updates
13056> 2018-08-24 08:57:56> Program: Starting Squirrel Updater: --check https://discordapp.com/api/updates/stable
13056> 2018-08-24 08:57:56> Program: Fetching update information, downloading from https://discordapp.com/api/updates/stable
13056> 2018-08-24 08:57:56> SingleGlobalInstance: Grabbing lockfile with timeout of 00:00:10
13056> 2018-08-24 08:57:56> CheckForUpdateImpl: Downloading RELEASES file from https://discordapp.com/api/updates/stable
13056> 2018-08-24 08:57:57> FileDownloader: Downloading url: https://discordapp.com/api/updates/stable/RELEASES?id=Discord&localVersion=0.0.301&arch=amd64
13056> 2018-08-24 08:57:57> CheckForUpdateImpl: No updates
